{
  "RSpec": {
    "coverage": {
      "/Users/chriswhitehouse/Projects/bookmark_manager/bookmark_manager.rb": {
        "lines": [
          1,
          null,
          1,
          1,
          1,
          null,
          null,
          null,
          1,
          null
        ]
      },
      "/Users/chriswhitehouse/Projects/bookmark_manager/spec/features/setup_spec.rb": {
        "lines": [
          1,
          1,
          1,
          1,
          null,
          null
        ]
      }
    },
    "timestamp": 1607960047
  }
}
